TN:
SF:src/app/api/agents/route.ts
FN:67,GET
FN:79,(anonymous_1)
FN:85,(anonymous_2)
FN:91,(anonymous_3)
FN:109,POST
FNF:5
FNH:3
FNDA:3,GET
FNDA:2,(anonymous_1)
FNDA:0,(anonymous_2)
FNDA:0,(anonymous_3)
FNDA:3,POST
DA:1,2
DA:2,2
DA:3,2
DA:6,2
DA:67,2
DA:68,3
DA:69,3
DA:70,2
DA:71,2
DA:72,2
DA:74,2
DA:77,2
DA:78,1
DA:79,2
DA:83,2
DA:84,0
DA:85,0
DA:89,2
DA:90,0
DA:91,0
DA:95,2
DA:101,1
DA:102,1
DA:109,2
DA:110,3
DA:111,3
DA:112,2
DA:115,2
DA:116,1
DA:123,1
DA:130,1
DA:133,1
DA:146,1
DA:148,1
DA:153,1
DA:154,1
LF:36
LH:32
BRDA:77,0,0,1
BRDA:77,1,0,2
BRDA:77,1,1,1
BRDA:83,2,0,0
BRDA:83,3,0,2
BRDA:83,3,1,0
BRDA:89,4,0,0
BRDA:89,5,0,2
BRDA:89,5,1,0
BRDA:115,6,0,1
BRDA:115,7,0,2
BRDA:115,7,1,2
BRDA:115,7,2,1
BRDA:115,7,3,1
BRF:14
BRH:10
end_of_record
TN:
SF:src/lib/scoring.ts
FN:7,calculateAgentScore
FN:33,calculateConfidence
FN:39,(anonymous_2)
FN:40,(anonymous_3)
FN:55,determineCredibilityTier
FN:66,calculateLTV
FN:100,(anonymous_6)
FN:116,getBaseLTVForTier
FN:130,calculateRiskMetrics
FN:145,getMarketExposureByTier
FNF:10
FNH:10
FNDA:6,calculateAgentScore
FNDA:6,calculateConfidence
FNDA:18,(anonymous_2)
FNDA:18,(anonymous_3)
FNDA:6,determineCredibilityTier
FNDA:5,calculateLTV
FNDA:5,(anonymous_6)
FNDA:5,getBaseLTVForTier
FNDA:3,calculateRiskMetrics
FNDA:3,getMarketExposureByTier
DA:1,4
DA:7,4
DA:13,6
DA:18,6
DA:20,6
DA:38,6
DA:39,18
DA:40,18
DA:41,6
DA:44,6
DA:47,6
DA:49,6
DA:55,4
DA:56,6
DA:57,5
DA:58,3
DA:59,2
DA:60,1
DA:66,4
DA:67,5
DA:68,5
DA:71,5
DA:72,2
DA:81,5
DA:82,2
DA:91,5
DA:92,1
DA:100,5
DA:101,5
DA:103,5
DA:117,5
DA:118,1
DA:119,1
DA:120,0
DA:121,1
DA:122,1
DA:123,1
DA:130,4
DA:131,3
DA:133,3
DA:146,3
DA:147,1
DA:148,0
DA:149,1
DA:150,0
DA:151,0
DA:152,1
LF:47
LH:43
BRDA:56,0,0,1
BRDA:57,1,0,2
BRDA:58,2,0,1
BRDA:59,3,0,1
BRDA:71,4,0,2
BRDA:81,5,0,2
BRDA:91,6,0,1
BRDA:117,7,0,1
BRDA:117,7,1,1
BRDA:117,7,2,0
BRDA:117,7,3,1
BRDA:117,7,4,1
BRDA:117,7,5,1
BRDA:146,8,0,1
BRDA:146,8,1,0
BRDA:146,8,2,1
BRDA:146,8,3,0
BRDA:146,8,4,0
BRDA:146,8,5,1
BRF:19
BRH:15
end_of_record
TN:
SF:src/types/agent.ts
FN:37,(anonymous_0)
FN:45,(anonymous_1)
FNF:2
FNH:2
FNDA:4,(anonymous_0)
FNDA:4,(anonymous_1)
DA:37,4
DA:38,4
DA:39,4
DA:40,4
DA:41,4
DA:42,4
DA:45,4
DA:46,4
DA:47,4
DA:48,4
DA:49,4
LF:11
LH:11
BRDA:37,0,0,4
BRDA:37,0,1,4
BRDA:45,1,0,4
BRDA:45,1,1,4
BRF:4
BRH:4
end_of_record
